This is XeTeX, Version 3.14159265-2.6-0.999991 (TeX Live 2019) (preloaded format=xelatex 2020.3.8)  23 APR 2020 14:02
entering extended mode
 restricted \write18 enabled.
 %&-line parsing enabled.
**ElementsNonparStat.tex
(./ElementsNonparStat.tex
LaTeX2e <2020-02-02> patch level 5
L3 programming layer <2020-02-25> (/Users/nchender/Library/TinyTeX/texmf-dist/t
ex/latex/base/book.cls
Document Class: book 2019/12/20 v1.4l Standard LaTeX document class
(/Users/nchender/Library/TinyTeX/texmf-dist/tex/latex/base/bk10.clo
File: bk10.clo 2019/12/20 v1.4l Standard LaTeX file (size option)
)
\c@part=\count163
\c@chapter=\count164
\c@section=\count165
\c@subsection=\count166
\c@subsubsection=\count167
\c@paragraph=\count168
\c@subparagraph=\count169
\c@figure=\count170
\c@table=\count171
\abovecaptionskip=\skip47
\belowcaptionskip=\skip48
\bibindent=\dimen134
) (/Users/nchender/Library/TinyTeX/texmf-dist/tex/latex/lm/lmodern.sty
Package: lmodern 2009/10/30 v1.6 Latin Modern Fonts
LaTeX Font Info:    Overwriting symbol font `operators' in version `normal'
(Font)                  OT1/cmr/m/n --> OT1/lmr/m/n on input line 22.
LaTeX Font Info:    Overwriting symbol font `letters' in version `normal'
(Font)                  OML/cmm/m/it --> OML/lmm/m/it on input line 23.
LaTeX Font Info:    Overwriting symbol font `symbols' in version `normal'
(Font)                  OMS/cmsy/m/n --> OMS/lmsy/m/n on input line 24.
LaTeX Font Info:    Overwriting symbol font `largesymbols' in version `normal'
(Font)                  OMX/cmex/m/n --> OMX/lmex/m/n on input line 25.
LaTeX Font Info:    Overwriting symbol font `operators' in version `bold'
(Font)                  OT1/cmr/bx/n --> OT1/lmr/bx/n on input line 26.
LaTeX Font Info:    Overwriting symbol font `letters' in version `bold'
(Font)                  OML/cmm/b/it --> OML/lmm/b/it on input line 27.
LaTeX Font Info:    Overwriting symbol font `symbols' in version `bold'
(Font)                  OMS/cmsy/b/n --> OMS/lmsy/b/n on input line 28.
LaTeX Font Info:    Overwriting symbol font `largesymbols' in version `bold'
(Font)                  OMX/cmex/m/n --> OMX/lmex/m/n on input line 29.
LaTeX Font Info:    Overwriting math alphabet `\mathbf' in version `normal'
(Font)                  OT1/cmr/bx/n --> OT1/lmr/bx/n on input line 31.
LaTeX Font Info:    Overwriting math alphabet `\mathsf' in version `normal'
(Font)                  OT1/cmss/m/n --> OT1/lmss/m/n on input line 32.
LaTeX Font Info:    Overwriting math alphabet `\mathit' in version `normal'
(Font)                  OT1/cmr/m/it --> OT1/lmr/m/it on input line 33.
LaTeX Font Info:    Overwriting math alphabet `\mathtt' in version `normal'
(Font)                  OT1/cmtt/m/n --> OT1/lmtt/m/n on input line 34.
LaTeX Font Info:    Overwriting math alphabet `\mathbf' in version `bold'
(Font)                  OT1/cmr/bx/n --> OT1/lmr/bx/n on input line 35.
LaTeX Font Info:    Overwriting math alphabet `\mathsf' in version `bold'
(Font)                  OT1/cmss/bx/n --> OT1/lmss/bx/n on input line 36.
LaTeX Font Info:    Overwriting math alphabet `\mathit' in version `bold'
(Font)                  OT1/cmr/bx/it --> OT1/lmr/bx/it on input line 37.
LaTeX Font Info:    Overwriting math alphabet `\mathtt' in version `bold'
(Font)                  OT1/cmtt/m/n --> OT1/lmtt/m/n on input line 38.
) (/Users/nchender/Library/TinyTeX/texmf-dist/tex/latex/amsfonts/amssymb.sty
Package: amssymb 2013/01/14 v3.01 AMS font symbols
(/Users/nchender/Library/TinyTeX/texmf-dist/tex/latex/amsfonts/amsfonts.sty
Package: amsfonts 2013/01/14 v3.01 Basic AMSFonts support
\@emptytoks=\toks15
\symAMSa=\mathgroup4
\symAMSb=\mathgroup5
LaTeX Font Info:    Redeclaring math symbol \hbar on input line 98.
LaTeX Font Info:    Overwriting math alphabet `\mathfrak' in version `bold'
(Font)                  U/euf/m/n --> U/euf/b/n on input line 106.
)) (/Users/nchender/Library/TinyTeX/texmf-dist/tex/latex/amsmath/amsmath.sty
Package: amsmath 2020/01/20 v2.17e AMS math features
\@mathmargin=\skip49
For additional information on amsmath, use the `?' option.
(/Users/nchender/Library/TinyTeX/texmf-dist/tex/latex/amsmath/amstext.sty
Package: amstext 2000/06/29 v2.01 AMS text
(/Users/nchender/Library/TinyTeX/texmf-dist/tex/latex/amsmath/amsgen.sty
File: amsgen.sty 1999/11/30 v2.0 generic functions
\@emptytoks=\toks16
\ex@=\dimen135
)) (/Users/nchender/Library/TinyTeX/texmf-dist/tex/latex/amsmath/amsbsy.sty
Package: amsbsy 1999/11/29 v1.2d Bold Symbols
\pmbraise@=\dimen136
) (/Users/nchender/Library/TinyTeX/texmf-dist/tex/latex/amsmath/amsopn.sty
Package: amsopn 2016/03/08 v2.02 operator names
)
\inf@bad=\count172
LaTeX Info: Redefining \frac on input line 227.
\uproot@=\count173
\leftroot@=\count174
LaTeX Info: Redefining \overline on input line 389.
\classnum@=\count175
\DOTSCASE@=\count176
LaTeX Info: Redefining \ldots on input line 486.
LaTeX Info: Redefining \dots on input line 489.
LaTeX Info: Redefining \cdots on input line 610.
\Mathstrutbox@=\box45
\strutbox@=\box46
\big@size=\dimen137
LaTeX Font Info:    Redeclaring font encoding OML on input line 733.
LaTeX Font Info:    Redeclaring font encoding OMS on input line 734.
\macc@depth=\count177
\c@MaxMatrixCols=\count178
\dotsspace@=\muskip16
\c@parentequation=\count179
\dspbrk@lvl=\count180
\tag@help=\toks17
\row@=\count181
\column@=\count182
\maxfields@=\count183
\andhelp@=\toks18
\eqnshift@=\dimen138
\alignsep@=\dimen139
\tagshift@=\dimen140
\tagwidth@=\dimen141
\totwidth@=\dimen142
\lineht@=\dimen143
\@envbody=\toks19
\multlinegap=\skip50
\multlinetaggap=\skip51
\mathdisplay@stack=\toks20
LaTeX Info: Redefining \[ on input line 2859.
LaTeX Info: Redefining \] on input line 2860.
) (/Users/nchender/Library/TinyTeX/texmf-dist/tex/generic/iftex/ifxetex.sty
Package: ifxetex 2019/10/25 v0.7 ifxetex legacy package. Use iftex instead.
(/Users/nchender/Library/TinyTeX/texmf-dist/tex/generic/iftex/iftex.sty
Package: iftex 2019/11/07 v1.0c TeX engine tests
)) (/Users/nchender/Library/TinyTeX/texmf-dist/tex/generic/iftex/ifluatex.sty
Package: ifluatex 2019/10/25 v1.5 ifluatex legacy package. Use iftex instead.
) (/Users/nchender/Library/TinyTeX/texmf-dist/tex/latex/base/fixltx2e.sty
Package: fixltx2e 2016/12/29 v2.1a fixes to LaTeX (obsolete)
Applying: [2015/01/01] Old fixltx2e package on input line 46.

Package fixltx2e Warning: fixltx2e is not required with releases after 2015
(fixltx2e)                All fixes are now in the LaTeX kernel.
(fixltx2e)                See the latexrelease package for details.

Already applied: [0000/00/00] Old fixltx2e package on input line 53.
)
(/Users/nchender/Library/TinyTeX/texmf-dist/tex/latex/unicode-math/unicode-math
.sty (/Users/nchender/Library/TinyTeX/texmf-dist/tex/latex/l3kernel/expl3.sty
Package: expl3 2020-02-25 L3 programming layer (loader) 

(/Users/nchender/Library/TinyTeX/texmf-dist/tex/latex/l3backend/l3backend-xdvip
dfmx.def
File: l3backend-xdvipdfmx.def 2020-02-23 L3 backend support: xdvipdfmx
\g__graphics_track_int=\count184
\l__pdf_internal_box=\box47
\g__pdf_backend_object_int=\count185
\g__pdf_backend_annotation_int=\count186
))
Package: unicode-math 2020/01/31 v0.8q Unicode maths in XeLaTeX and LuaLaTeX

(/Users/nchender/Library/TinyTeX/texmf-dist/tex/latex/unicode-math/unicode-math
-xetex.sty
Package: unicode-math-xetex 2020/01/31 v0.8q Unicode maths in XeLaTeX and LuaLa
TeX

(/Users/nchender/Library/TinyTeX/texmf-dist/tex/latex/l3packages/xparse/xparse.
sty
Package: xparse 2020-02-25 L3 Experimental document command parser
\l__xparse_current_arg_int=\count187
\g__xparse_grabber_int=\count188
\l__xparse_m_args_int=\count189
\l__xparse_v_nesting_int=\count190
)
(/Users/nchender/Library/TinyTeX/texmf-dist/tex/latex/l3packages/l3keys2e/l3key
s2e.sty
Package: l3keys2e 2020-02-25 LaTeX2e option processing using LaTeX3 keys
) (/Users/nchender/Library/TinyTeX/texmf-dist/tex/latex/fontspec/fontspec.sty
Package: fontspec 2020/02/21 v2.7i Font selection for XeLaTeX and LuaLaTeX

(/Users/nchender/Library/TinyTeX/texmf-dist/tex/latex/fontspec/fontspec-xetex.s
ty
Package: fontspec-xetex 2020/02/21 v2.7i Font selection for XeLaTeX and LuaLaTe
X
\l__fontspec_script_int=\count191
\l__fontspec_language_int=\count192
\l__fontspec_strnum_int=\count193
\l__fontspec_tmp_int=\count194
\l__fontspec_tmpa_int=\count195
\l__fontspec_tmpb_int=\count196
\l__fontspec_tmpc_int=\count197
\l__fontspec_em_int=\count198
\l__fontspec_emdef_int=\count199
\l__fontspec_strong_int=\count266
\l__fontspec_strongdef_int=\count267
\l__fontspec_tmpa_dim=\dimen144
\l__fontspec_tmpb_dim=\dimen145
\l__fontspec_tmpc_dim=\dimen146
(/Users/nchender/Library/TinyTeX/texmf-dist/tex/latex/base/fontenc.sty
Package: fontenc 2020/02/11 v2.0o Standard LaTeX package
) (/Users/nchender/Library/TinyTeX/texmf-dist/tex/latex/fontspec/fontspec.cfg))
) (/Users/nchender/Library/TinyTeX/texmf-dist/tex/latex/base/fix-cm.sty
Package: fix-cm 2015/01/14 v1.1t fixes to LaTeX
(/Users/nchender/Library/TinyTeX/texmf-dist/tex/latex/base/ts1enc.def
File: ts1enc.def 2001/06/05 v3.0e (jk/car/fm) Standard LaTeX file
LaTeX Font Info:    Redeclaring font encoding TS1 on input line 47.
))
\g__um_fam_int=\count268
\g__um_fonts_used_int=\count269
\l__um_primecount_int=\count270
\g__um_primekern_muskip=\muskip17

(/Users/nchender/Library/TinyTeX/texmf-dist/tex/latex/unicode-math/unicode-math
-table.tex))) (/Users/nchender/Library/TinyTeX/texmf-dist/tex/latex/upquote/upq
uote.sty
Package: upquote 2012/04/19 v1.3 upright-quote and grave-accent glyphs in verba
tim
(/Users/nchender/Library/TinyTeX/texmf-dist/tex/latex/base/textcomp.sty
Package: textcomp 2020/02/02 v2.0n Standard LaTeX package
)) (/Users/nchender/Library/TinyTeX/texmf-dist/tex/latex/hyperref/hyperref.sty
Package: hyperref 2020/01/14 v7.00d Hypertext links for LaTeX
(/Users/nchender/Library/TinyTeX/texmf-dist/tex/generic/ltxcmds/ltxcmds.sty
Package: ltxcmds 2019/12/15 v1.24 LaTeX kernel commands for general use (HO)
)
(/Users/nchender/Library/TinyTeX/texmf-dist/tex/latex/pdftexcmds/pdftexcmds.sty
Package: pdftexcmds 2019/11/24 v0.31 Utility functions of pdfTeX for LuaTeX (HO
)

(/Users/nchender/Library/TinyTeX/texmf-dist/tex/generic/infwarerr/infwarerr.sty
Package: infwarerr 2019/12/03 v1.5 Providing info/warning/error messages (HO)
)
Package pdftexcmds Info: \pdf@primitive is available.
Package pdftexcmds Info: \pdf@ifprimitive is available.
Package pdftexcmds Info: \pdfdraftmode not found.
) (/Users/nchender/Library/TinyTeX/texmf-dist/tex/latex/graphics/keyval.sty
Package: keyval 2014/10/28 v1.15 key=value parser (DPC)
\KV@toks@=\toks21
)
(/Users/nchender/Library/TinyTeX/texmf-dist/tex/generic/kvsetkeys/kvsetkeys.sty
Package: kvsetkeys 2019/12/15 v1.18 Key value parser (HO)
)
(/Users/nchender/Library/TinyTeX/texmf-dist/tex/generic/kvdefinekeys/kvdefineke
ys.sty
Package: kvdefinekeys 2019-12-19 v1.6 Define keys (HO)
)
(/Users/nchender/Library/TinyTeX/texmf-dist/tex/generic/pdfescape/pdfescape.sty
Package: pdfescape 2019/12/09 v1.15 Implements pdfTeX's escape features (HO)
) (/Users/nchender/Library/TinyTeX/texmf-dist/tex/latex/hycolor/hycolor.sty
Package: hycolor 2020-01-27 v1.10 Color options for hyperref/bookmark (HO)
)
(/Users/nchender/Library/TinyTeX/texmf-dist/tex/latex/letltxmacro/letltxmacro.s
ty
Package: letltxmacro 2019/12/03 v1.6 Let assignment for LaTeX macros (HO)
) (/Users/nchender/Library/TinyTeX/texmf-dist/tex/latex/auxhook/auxhook.sty
Package: auxhook 2019-12-17 v1.6 Hooks for auxiliary files (HO)
) (/Users/nchender/Library/TinyTeX/texmf-dist/tex/latex/kvoptions/kvoptions.sty
Package: kvoptions 2019/11/29 v3.13 Key value format for package options (HO)
)
\@linkdim=\dimen147
\Hy@linkcounter=\count271
\Hy@pagecounter=\count272
(/Users/nchender/Library/TinyTeX/texmf-dist/tex/latex/hyperref/pd1enc.def
File: pd1enc.def 2020/01/14 v7.00d Hyperref: PDFDocEncoding definition (HO)
) (/Users/nchender/Library/TinyTeX/texmf-dist/tex/generic/intcalc/intcalc.sty
Package: intcalc 2019/12/15 v1.3 Expandable calculations with integers (HO)
) (/Users/nchender/Library/TinyTeX/texmf-dist/tex/generic/etexcmds/etexcmds.sty
Package: etexcmds 2019/12/15 v1.7 Avoid name clashes with e-TeX commands (HO)
)
\Hy@SavedSpaceFactor=\count273
Package hyperref Info: Option `unicode' set `true' on input line 4421.
(/Users/nchender/Library/TinyTeX/texmf-dist/tex/latex/hyperref/puenc.def
File: puenc.def 2020/01/14 v7.00d Hyperref: PDF Unicode definition (HO)
)
Package hyperref Info: Hyper figures OFF on input line 4547.
Package hyperref Info: Link nesting OFF on input line 4552.
Package hyperref Info: Hyper index ON on input line 4555.
Package hyperref Info: Plain pages OFF on input line 4562.
Package hyperref Info: Backreferencing OFF on input line 4567.
Package hyperref Info: Implicit mode ON; LaTeX internals redefined.
Package hyperref Info: Bookmarks ON on input line 4800.
\c@Hy@tempcnt=\count274
(/Users/nchender/Library/TinyTeX/texmf-dist/tex/latex/url/url.sty
\Urlmuskip=\muskip18
Package: url 2013/09/16  ver 3.4  Verb mode for urls, etc.
)
LaTeX Info: Redefining \url on input line 5159.
\XeTeXLinkMargin=\dimen148
(/Users/nchender/Library/TinyTeX/texmf-dist/tex/generic/bitset/bitset.sty
Package: bitset 2019/12/09 v1.3 Handle bit-vector datatype (HO)

(/Users/nchender/Library/TinyTeX/texmf-dist/tex/generic/bigintcalc/bigintcalc.s
ty
Package: bigintcalc 2019/12/15 v1.5 Expandable calculations on big integers (HO
)
))
\Fld@menulength=\count275
\Field@Width=\dimen149
\Fld@charsize=\dimen150
Package hyperref Info: Hyper figures OFF on input line 6430.
Package hyperref Info: Link nesting OFF on input line 6435.
Package hyperref Info: Hyper index ON on input line 6438.
Package hyperref Info: backreferencing OFF on input line 6445.
Package hyperref Info: Link coloring OFF on input line 6450.
Package hyperref Info: Link coloring with OCG OFF on input line 6455.
Package hyperref Info: PDF/A mode OFF on input line 6460.
LaTeX Info: Redefining \ref on input line 6500.
LaTeX Info: Redefining \pageref on input line 6504.
(/Users/nchender/Library/TinyTeX/texmf-dist/tex/generic/atbegshi/atbegshi.sty
Package: atbegshi 2019/12/05 v1.19 At begin shipout hook (HO)
)
\Hy@abspage=\count276
\c@Item=\count277
\c@Hfootnote=\count278
)
Package hyperref Info: Driver (autodetected): hxetex.
(/Users/nchender/Library/TinyTeX/texmf-dist/tex/latex/hyperref/hxetex.def
File: hxetex.def 2020/01/14 v7.00d Hyperref driver for XeTeX

(/Users/nchender/Library/TinyTeX/texmf-dist/tex/generic/stringenc/stringenc.sty
Package: stringenc 2019/11/29 v1.12 Convert strings between diff. encodings (HO
)
)
\pdfm@box=\box48
\c@Hy@AnnotLevel=\count279
\HyField@AnnotCount=\count280
\Fld@listcount=\count281
\c@bookmark@seq@number=\count282

(/Users/nchender/Library/TinyTeX/texmf-dist/tex/latex/rerunfilecheck/rerunfilec
heck.sty
Package: rerunfilecheck 2019/12/05 v1.9 Rerun checks for auxiliary files (HO)
(/Users/nchender/Library/TinyTeX/texmf-dist/tex/latex/atveryend/atveryend.sty
Package: atveryend 2019-12-11 v1.11 Hooks at the very end of document (HO)
Package atveryend Info: \enddocument detected (standard20110627).
)
(/Users/nchender/Library/TinyTeX/texmf-dist/tex/generic/uniquecounter/uniquecou
nter.sty
Package: uniquecounter 2019/12/15 v1.4 Provide unlimited unique counter (HO)
)
Package uniquecounter Info: New unique counter `rerunfilecheck' on input line 2
86.
)
\Hy@SectionHShift=\skip52
)
Package hyperref Info: Option `breaklinks' set `true' on input line 35.
(/Users/nchender/Library/TinyTeX/texmf-dist/tex/latex/graphics/color.sty
Package: color 2019/11/23 v1.2a Standard LaTeX Color (DPC)
(/Users/nchender/Library/TinyTeX/texmf-dist/tex/latex/graphics-cfg/color.cfg
File: color.cfg 2016/01/02 v1.6 sample color configuration
)
Package color Info: Driver file: xetex.def on input line 147.
(/Users/nchender/Library/TinyTeX/texmf-dist/tex/latex/graphics-def/xetex.def
File: xetex.def 2017/06/24 v5.0h Graphics/color driver for xetex
)) (/Users/nchender/Library/TinyTeX/texmf-dist/tex/latex/fancyvrb/fancyvrb.sty
Package: fancyvrb 2020/01/13 v3.5 verbatim text (tvz,hv)
\FV@CodeLineNo=\count283
\FV@InFile=\read2
\FV@TabBox=\box49
\c@FancyVerbLine=\count284
\FV@StepNumber=\count285
\FV@OutFile=\write3
) (/Users/nchender/Library/TinyTeX/texmf-dist/tex/latex/framed/framed.sty
Package: framed 2011/10/22 v 0.96: framed or shaded text with page breaks
\OuterFrameSep=\skip53
\fb@frw=\dimen151
\fb@frh=\dimen152
\FrameRule=\dimen153
\FrameSep=\dimen154
) (/Users/nchender/Library/TinyTeX/texmf-dist/tex/latex/tools/longtable.sty
Package: longtable 2020/01/07 v4.13 Multi-page Table package (DPC)
\LTleft=\skip54
\LTright=\skip55
\LTpre=\skip56
\LTpost=\skip57
\LTchunksize=\count286
\LTcapwidth=\dimen155
\LT@head=\box50
\LT@firsthead=\box51
\LT@foot=\box52
\LT@lastfoot=\box53
\LT@cols=\count287
\LT@rows=\count288
\c@LT@tables=\count289
\c@LT@chunks=\count290
\LT@p@ftn=\toks22
) (/Users/nchender/Library/TinyTeX/texmf-dist/tex/latex/booktabs/booktabs.sty
Package: booktabs 2020/01/12 v1.61803398 Publication quality tables
\heavyrulewidth=\dimen156
\lightrulewidth=\dimen157
\cmidrulewidth=\dimen158
\belowrulesep=\dimen159
\belowbottomsep=\dimen160
\aboverulesep=\dimen161
\abovetopsep=\dimen162
\cmidrulesep=\dimen163
\cmidrulekern=\dimen164
\defaultaddspace=\dimen165
\@cmidla=\count291
\@cmidlb=\count292
\@aboverulesep=\dimen166
\@belowrulesep=\dimen167
\@thisruleclass=\count293
\@lastruleclass=\count294
\@thisrulewidth=\dimen168
) (/Users/nchender/Library/TinyTeX/texmf-dist/tex/latex/graphics/graphicx.sty
Package: graphicx 2019/11/30 v1.2a Enhanced LaTeX Graphics (DPC,SPQR)
(/Users/nchender/Library/TinyTeX/texmf-dist/tex/latex/graphics/graphics.sty
Package: graphics 2019/11/30 v1.4a Standard LaTeX Graphics (DPC,SPQR)
(/Users/nchender/Library/TinyTeX/texmf-dist/tex/latex/graphics/trig.sty
Package: trig 2016/01/03 v1.10 sin cos tan (DPC)
)
(/Users/nchender/Library/TinyTeX/texmf-dist/tex/latex/graphics-cfg/graphics.cfg
File: graphics.cfg 2016/06/04 v1.11 sample graphics configuration
)
Package graphics Info: Driver file: xetex.def on input line 105.
)
\Gin@req@height=\dimen169
\Gin@req@width=\dimen170
) (/Users/nchender/Library/TinyTeX/texmf-dist/tex/latex/grffile/grffile.sty
Package: grffile 2019/11/11 v2.1 Extended file name support for graphics (legac
y)
Package grffile Info: This package is an empty stub for compatibility on input 
line 40.
) (/Users/nchender/Library/TinyTeX/texmf-dist/tex/latex/natbib/natbib.sty
Package: natbib 2010/09/13 8.31b (PWD, AO)
\bibhang=\skip58
\bibsep=\skip59
LaTeX Info: Redefining \cite on input line 694.
\c@NAT@ctr=\count295
) (./ElementsNonparStat.aux

LaTeX Warning: Label `fig:unnamed-chunk-1' multiply defined.


LaTeX Warning: Label `fig:unnamed-chunk-1' multiply defined.


LaTeX Warning: Label `fig:unnamed-chunk-1' multiply defined.


LaTeX Warning: Label `fig:unnamed-chunk-3' multiply defined.

)
\openout1 = `ElementsNonparStat.aux'.

LaTeX Font Info:    Checking defaults for OML/cmm/m/it on input line 115.
LaTeX Font Info:    ... okay on input line 115.
LaTeX Font Info:    Checking defaults for OMS/cmsy/m/n on input line 115.
LaTeX Font Info:    ... okay on input line 115.
LaTeX Font Info:    Checking defaults for OT1/cmr/m/n on input line 115.
LaTeX Font Info:    ... okay on input line 115.
LaTeX Font Info:    Checking defaults for T1/cmr/m/n on input line 115.
LaTeX Font Info:    ... okay on input line 115.
LaTeX Font Info:    Checking defaults for TS1/cmr/m/n on input line 115.
LaTeX Font Info:    ... okay on input line 115.
LaTeX Font Info:    Checking defaults for TU/lmr/m/n on input line 115.
LaTeX Font Info:    ... okay on input line 115.
LaTeX Font Info:    Checking defaults for OMX/cmex/m/n on input line 115.
LaTeX Font Info:    ... okay on input line 115.
LaTeX Font Info:    Checking defaults for U/cmr/m/n on input line 115.
LaTeX Font Info:    ... okay on input line 115.
LaTeX Font Info:    Checking defaults for PD1/pdf/m/n on input line 115.
LaTeX Font Info:    ... okay on input line 115.
LaTeX Font Info:    Checking defaults for PU/pdf/m/n on input line 115.
LaTeX Font Info:    ... okay on input line 115.
LaTeX Font Info:    Overwriting math alphabet `\mathrm' in version `normal'
(Font)                  OT1/lmr/m/n --> TU/lmr/m/n on input line 115.
LaTeX Font Info:    Overwriting math alphabet `\mathit' in version `normal'
(Font)                  OT1/lmr/m/it --> TU/lmr/m/it on input line 115.
LaTeX Font Info:    Overwriting math alphabet `\mathbf' in version `normal'
(Font)                  OT1/lmr/bx/n --> TU/lmr/bx/n on input line 115.
LaTeX Font Info:    Overwriting math alphabet `\mathsf' in version `normal'
(Font)                  OT1/lmss/m/n --> TU/lmss/m/n on input line 115.
LaTeX Font Info:    Overwriting math alphabet `\mathsf' in version `bold'
(Font)                  OT1/lmss/bx/n --> TU/lmss/bx/n on input line 115.
LaTeX Font Info:    Overwriting math alphabet `\mathtt' in version `normal'
(Font)                  OT1/lmtt/m/n --> TU/lmtt/m/n on input line 115.
LaTeX Font Info:    Overwriting math alphabet `\mathtt' in version `bold'
(Font)                  OT1/lmtt/m/n --> TU/lmtt/bx/n on input line 115.

Package fontspec Info: latinmodern-math scale = 0.9999964596882403.


Package fontspec Info: latinmodern-math scale = 0.9999964596882403.


Package fontspec Info: latinmodern-math scale = 0.9999964596882403.


Package fontspec Info: Font family 'latinmodern-math.otf(0)' created for font
(fontspec)             'latinmodern-math.otf' with options
(fontspec)             [Ligatures=TeX,Scale=MatchLowercase,BoldItalicFont={},It
alicFont={},SmallCapsFont={},Script=Math,BoldFont={latinmodern-math.otf}].
(fontspec)              
(fontspec)              This font family consists of the following NFSS
(fontspec)             series/shapes:
(fontspec)              
(fontspec)             - 'normal' (m/n) with NFSS spec.:
(fontspec)             <->s*[0.9999964596882403]"[latinmodern-math.otf]/OT:scri
pt=math;language=dflt;mapping=tex-text;"
(fontspec)             - 'small caps'  (m/sc) with NFSS spec.: 
(fontspec)             - 'bold' (b/n) with NFSS spec.:
(fontspec)             <->s*[0.9999964596882403]"[latinmodern-math.otf]/OT:scri
pt=math;language=dflt;mapping=tex-text;"
(fontspec)             - 'bold small caps'  (b/sc) with NFSS spec.: 

LaTeX Font Info:    Font shape `TU/latinmodern-math.otf(0)/m/n' will be
(Font)              scaled to size 10.0pt on input line 115.

Package fontspec Info: latinmodern-math scale = 0.9999964596882403.


Package fontspec Info: latinmodern-math scale = 0.9999964596882403.


Package fontspec Info: latinmodern-math scale = 0.9999964596882403.


Package fontspec Info: latinmodern-math scale = 0.9999964596882403.


Package fontspec Info: latinmodern-math scale = 0.9999964596882403.


Package fontspec Info: Font family 'latinmodern-math.otf(1)' created for font
(fontspec)             'latinmodern-math.otf' with options
(fontspec)             [Ligatures=TeX,Scale=MatchLowercase,BoldItalicFont={},It
alicFont={},SmallCapsFont={},Script=Math,SizeFeatures={{Size=8.5-},{Size=6-8.5,
Font=latinmodern-math.otf,Style=MathScript},{Size=-6,Font=latinmodern-math.otf,
Style=MathScriptScript}},BoldFont={latinmodern-math.otf}].
(fontspec)              
(fontspec)              This font family consists of the following NFSS
(fontspec)             series/shapes:
(fontspec)              
(fontspec)             - 'normal' (m/n) with NFSS spec.:
(fontspec)             <8.5->s*[0.9999964596882403]"[latinmodern-math.otf]/OT:s
cript=math;language=dflt;mapping=tex-text;"<6-8.5>s*[0.9999964596882403]"[latin
modern-math.otf]/OT:script=math;language=dflt;+ssty=0;mapping=tex-text;"<-6>s*[
0.9999964596882403]"[latinmodern-math.otf]/OT:script=math;language=dflt;+ssty=1
;mapping=tex-text;"
(fontspec)             - 'small caps'  (m/sc) with NFSS spec.: 
(fontspec)             - 'bold' (b/n) with NFSS spec.:
(fontspec)             <->s*[0.9999964596882403]"[latinmodern-math.otf]/OT:scri
pt=math;language=dflt;mapping=tex-text;"
(fontspec)             - 'bold small caps'  (b/sc) with NFSS spec.: 

LaTeX Font Info:    Font shape `TU/latinmodern-math.otf(1)/m/n' will be
(Font)              scaled to size 10.0pt on input line 115.
LaTeX Font Info:    Encoding `OT1' has changed to `TU' for symbol font
(Font)              `operators' in the math version `normal' on input line 115.

LaTeX Font Info:    Overwriting symbol font `operators' in version `normal'
(Font)                  OT1/lmr/m/n --> TU/latinmodern-math.otf(1)/m/n on input
 line 115.
LaTeX Font Info:    Encoding `OT1' has changed to `TU' for symbol font
(Font)              `operators' in the math version `bold' on input line 115.
LaTeX Font Info:    Overwriting symbol font `operators' in version `bold'
(Font)                  OT1/lmr/bx/n --> TU/latinmodern-math.otf(1)/b/n on inpu
t line 115.

Package fontspec Info: latinmodern-math scale = 0.9999964596882403.


Package fontspec Info: latinmodern-math scale = 1.000096459334209.


Package fontspec Info: latinmodern-math scale = 0.9999964596882403.


Package fontspec Info: latinmodern-math scale = 1.000096459334209.


Package fontspec Info: latinmodern-math scale = 0.9999964596882403.


Package fontspec Info: latinmodern-math scale = 1.000096459334209.


Package fontspec Info: latinmodern-math scale = 0.9999964596882403.


Package fontspec Info: latinmodern-math scale = 1.000096459334209.


Package fontspec Info: latinmodern-math scale = 0.9999964596882403.


Package fontspec Info: latinmodern-math scale = 1.000096459334209.


Package fontspec Info: Font family 'latinmodern-math.otf(2)' created for font
(fontspec)             'latinmodern-math.otf' with options
(fontspec)             [Ligatures=TeX,Scale=MatchLowercase,BoldItalicFont={},It
alicFont={},SmallCapsFont={},Script=Math,SizeFeatures={{Size=8.5-},{Size=6-8.5,
Font=latinmodern-math.otf,Style=MathScript},{Size=-6,Font=latinmodern-math.otf,
Style=MathScriptScript}},BoldFont={latinmodern-math.otf},ScaleAgain=1.0001,Font
Adjustment={\fontdimen
(fontspec)             8\font =6.77pt\relax \fontdimen 9\font =3.94pt\relax
(fontspec)             \fontdimen 10\font =4.44pt\relax \fontdimen 11\font
(fontspec)             =6.86pt\relax \fontdimen 12\font =3.45pt\relax
(fontspec)             \fontdimen 13\font =3.63pt\relax \fontdimen 14\font
(fontspec)             =3.63pt\relax \fontdimen 15\font =2.89pt\relax
(fontspec)             \fontdimen 16\font =2.47pt\relax \fontdimen 17\font
(fontspec)             =2.47pt\relax \fontdimen 18\font =2.5pt\relax
(fontspec)             \fontdimen 19\font =2.0pt\relax \fontdimen 22\font
(fontspec)             =2.5pt\relax \fontdimen 20\font =0pt\relax \fontdimen
(fontspec)             21\font =0pt\relax }].
(fontspec)              
(fontspec)              This font family consists of the following NFSS
(fontspec)             series/shapes:
(fontspec)              
(fontspec)             - 'normal' (m/n) with NFSS spec.:
(fontspec)             <8.5->s*[1.000096459334209]"[latinmodern-math.otf]/OT:sc
ript=math;language=dflt;mapping=tex-text;"<6-8.5>s*[1.000096459334209]"[latinmo
dern-math.otf]/OT:script=math;language=dflt;+ssty=0;mapping=tex-text;"<-6>s*[1.
000096459334209]"[latinmodern-math.otf]/OT:script=math;language=dflt;+ssty=1;ma
pping=tex-text;"
(fontspec)             - 'small caps'  (m/sc) with NFSS spec.: 
(fontspec)             and font adjustment code:
(fontspec)             \fontdimen 8\font =6.77pt\relax \fontdimen 9\font
(fontspec)             =3.94pt\relax \fontdimen 10\font =4.44pt\relax
(fontspec)             \fontdimen 11\font =6.86pt\relax \fontdimen 12\font
(fontspec)             =3.45pt\relax \fontdimen 13\font =3.63pt\relax
(fontspec)             \fontdimen 14\font =3.63pt\relax \fontdimen 15\font
(fontspec)             =2.89pt\relax \fontdimen 16\font =2.47pt\relax
(fontspec)             \fontdimen 17\font =2.47pt\relax \fontdimen 18\font
(fontspec)             =2.5pt\relax \fontdimen 19\font =2.0pt\relax \fontdimen
(fontspec)             22\font =2.5pt\relax \fontdimen 20\font =0pt\relax
(fontspec)             \fontdimen 21\font =0pt\relax 
(fontspec)             - 'bold' (b/n) with NFSS spec.:
(fontspec)             <->s*[1.000096459334209]"[latinmodern-math.otf]/OT:scrip
t=math;language=dflt;mapping=tex-text;"
(fontspec)             - 'bold small caps'  (b/sc) with NFSS spec.: 
(fontspec)             and font adjustment code:
(fontspec)             \fontdimen 8\font =6.77pt\relax \fontdimen 9\font
(fontspec)             =3.94pt\relax \fontdimen 10\font =4.44pt\relax
(fontspec)             \fontdimen 11\font =6.86pt\relax \fontdimen 12\font
(fontspec)             =3.45pt\relax \fontdimen 13\font =3.63pt\relax
(fontspec)             \fontdimen 14\font =3.63pt\relax \fontdimen 15\font
(fontspec)             =2.89pt\relax \fontdimen 16\font =2.47pt\relax
(fontspec)             \fontdimen 17\font =2.47pt\relax \fontdimen 18\font
(fontspec)             =2.5pt\relax \fontdimen 19\font =2.0pt\relax \fontdimen
(fontspec)             22\font =2.5pt\relax \fontdimen 20\font =0pt\relax
(fontspec)             \fontdimen 21\font =0pt\relax 

LaTeX Font Info:    Encoding `OMS' has changed to `TU' for symbol font
(Font)              `symbols' in the math version `normal' on input line 115.
LaTeX Font Info:    Overwriting symbol font `symbols' in version `normal'
(Font)                  OMS/lmsy/m/n --> TU/latinmodern-math.otf(2)/m/n on inpu
t line 115.
LaTeX Font Info:    Encoding `OMS' has changed to `TU' for symbol font
(Font)              `symbols' in the math version `bold' on input line 115.
LaTeX Font Info:    Overwriting symbol font `symbols' in version `bold'
(Font)                  OMS/lmsy/b/n --> TU/latinmodern-math.otf(2)/b/n on inpu
t line 115.

Package fontspec Info: latinmodern-math scale = 0.9999964596882403.


Package fontspec Info: latinmodern-math scale = 0.9998964600422715.


Package fontspec Info: latinmodern-math scale = 0.9999964596882403.


Package fontspec Info: latinmodern-math scale = 0.9998964600422715.


Package fontspec Info: latinmodern-math scale = 0.9999964596882403.


Package fontspec Info: latinmodern-math scale = 0.9998964600422715.


Package fontspec Info: latinmodern-math scale = 0.9999964596882403.


Package fontspec Info: latinmodern-math scale = 0.9998964600422715.


Package fontspec Info: latinmodern-math scale = 0.9999964596882403.


Package fontspec Info: latinmodern-math scale = 0.9998964600422715.


Package fontspec Info: Font family 'latinmodern-math.otf(3)' created for font
(fontspec)             'latinmodern-math.otf' with options
(fontspec)             [Ligatures=TeX,Scale=MatchLowercase,BoldItalicFont={},It
alicFont={},SmallCapsFont={},Script=Math,SizeFeatures={{Size=8.5-},{Size=6-8.5,
Font=latinmodern-math.otf,Style=MathScript},{Size=-6,Font=latinmodern-math.otf,
Style=MathScriptScript}},BoldFont={latinmodern-math.otf},ScaleAgain=0.9999,Font
Adjustment={\fontdimen
(fontspec)             8\font =0.4pt\relax \fontdimen 9\font =2.0pt\relax
(fontspec)             \fontdimen 10\font =1.67pt\relax \fontdimen 11\font
(fontspec)             =1.11pt\relax \fontdimen 12\font =6.0pt\relax
(fontspec)             \fontdimen 13\font =0pt\relax }].
(fontspec)              
(fontspec)              This font family consists of the following NFSS
(fontspec)             series/shapes:
(fontspec)              
(fontspec)             - 'normal' (m/n) with NFSS spec.:
(fontspec)             <8.5->s*[0.9998964600422715]"[latinmodern-math.otf]/OT:s
cript=math;language=dflt;mapping=tex-text;"<6-8.5>s*[0.9998964600422715]"[latin
modern-math.otf]/OT:script=math;language=dflt;+ssty=0;mapping=tex-text;"<-6>s*[
0.9998964600422715]"[latinmodern-math.otf]/OT:script=math;language=dflt;+ssty=1
;mapping=tex-text;"
(fontspec)             - 'small caps'  (m/sc) with NFSS spec.: 
(fontspec)             and font adjustment code:
(fontspec)             \fontdimen 8\font =0.4pt\relax \fontdimen 9\font
(fontspec)             =2.0pt\relax \fontdimen 10\font =1.67pt\relax
(fontspec)             \fontdimen 11\font =1.11pt\relax \fontdimen 12\font
(fontspec)             =6.0pt\relax \fontdimen 13\font =0pt\relax 
(fontspec)             - 'bold' (b/n) with NFSS spec.:
(fontspec)             <->s*[0.9998964600422715]"[latinmodern-math.otf]/OT:scri
pt=math;language=dflt;mapping=tex-text;"
(fontspec)             - 'bold small caps'  (b/sc) with NFSS spec.: 
(fontspec)             and font adjustment code:
(fontspec)             \fontdimen 8\font =0.4pt\relax \fontdimen 9\font
(fontspec)             =2.0pt\relax \fontdimen 10\font =1.67pt\relax
(fontspec)             \fontdimen 11\font =1.11pt\relax \fontdimen 12\font
(fontspec)             =6.0pt\relax \fontdimen 13\font =0pt\relax 

LaTeX Font Info:    Encoding `OMX' has changed to `TU' for symbol font
(Font)              `largesymbols' in the math version `normal' on input line 1
15.
LaTeX Font Info:    Overwriting symbol font `largesymbols' in version `normal'
(Font)                  OMX/lmex/m/n --> TU/latinmodern-math.otf(3)/m/n on inpu
t line 115.
LaTeX Font Info:    Encoding `OMX' has changed to `TU' for symbol font
(Font)              `largesymbols' in the math version `bold' on input line 115
.
LaTeX Font Info:    Overwriting symbol font `largesymbols' in version `bold'
(Font)                  OMX/lmex/m/n --> TU/latinmodern-math.otf(3)/b/n on inpu
t line 115.
\AtBeginShipoutBox=\box54
Package hyperref Info: Link coloring OFF on input line 115.
(/Users/nchender/Library/TinyTeX/texmf-dist/tex/latex/hyperref/nameref.sty
Package: nameref 2019/09/16 v2.46 Cross-referencing by name of section
(/Users/nchender/Library/TinyTeX/texmf-dist/tex/latex/refcount/refcount.sty
Package: refcount 2019/12/15 v3.6 Data extraction from label references (HO)
)
(/Users/nchender/Library/TinyTeX/texmf-dist/tex/generic/gettitlestring/gettitle
string.sty
Package: gettitlestring 2019/12/15 v1.6 Cleanup title references (HO)
)
\c@section@level=\count296
)
LaTeX Info: Redefining \ref on input line 115.
LaTeX Info: Redefining \pageref on input line 115.
LaTeX Info: Redefining \nameref on input line 115.
(./ElementsNonparStat.out) (./ElementsNonparStat.out)
\@outlinefile=\write4
\openout4 = `ElementsNonparStat.out'.

LaTeX Font Info:    Font shape `TU/latinmodern-math.otf(1)/m/n' will be
(Font)              scaled to size 12.0pt on input line 117.
LaTeX Font Info:    Font shape `TU/latinmodern-math.otf(1)/m/n' will be
(Font)              scaled to size 8.0pt on input line 117.
LaTeX Font Info:    Font shape `TU/latinmodern-math.otf(1)/m/n' will be
(Font)              scaled to size 6.0pt on input line 117.
LaTeX Font Info:    Trying to load font information for OML+lmm on input line 1
17.
(/Users/nchender/Library/TinyTeX/texmf-dist/tex/latex/lm/omllmm.fd
File: omllmm.fd 2009/10/30 v1.6 Font defs for Latin Modern
)
LaTeX Font Info:    Font shape `TU/latinmodern-math.otf(2)/m/n' will be
(Font)              scaled to size 12.0011pt on input line 117.
LaTeX Font Info:    Font shape `TU/latinmodern-math.otf(2)/m/n' will be
(Font)              scaled to size 8.00073pt on input line 117.
LaTeX Font Info:    Font shape `TU/latinmodern-math.otf(2)/m/n' will be
(Font)              scaled to size 6.00055pt on input line 117.
LaTeX Font Info:    Font shape `TU/latinmodern-math.otf(3)/m/n' will be
(Font)              scaled to size 11.99872pt on input line 117.
LaTeX Font Info:    Font shape `TU/latinmodern-math.otf(3)/m/n' will be
(Font)              scaled to size 7.99915pt on input line 117.
LaTeX Font Info:    Font shape `TU/latinmodern-math.otf(3)/m/n' will be
(Font)              scaled to size 5.99936pt on input line 117.
LaTeX Font Info:    Trying to load font information for U+msa on input line 117
.
(/Users/nchender/Library/TinyTeX/texmf-dist/tex/latex/amsfonts/umsa.fd
File: umsa.fd 2013/01/14 v3.01 AMS symbols A
)
LaTeX Font Info:    Trying to load font information for U+msb on input line 117
.
(/Users/nchender/Library/TinyTeX/texmf-dist/tex/latex/amsfonts/umsb.fd
File: umsb.fd 2013/01/14 v3.01 AMS symbols B
) [1


] [2

] (./ElementsNonparStat.toc
LaTeX Font Info:    Font shape `TU/latinmodern-math.otf(1)/m/n' will be
(Font)              scaled to size 7.0pt on input line 3.
LaTeX Font Info:    Font shape `TU/latinmodern-math.otf(1)/m/n' will be
(Font)              scaled to size 5.0pt on input line 3.
LaTeX Font Info:    Font shape `TU/latinmodern-math.otf(2)/m/n' will be
(Font)              scaled to size 10.00092pt on input line 3.
LaTeX Font Info:    Font shape `TU/latinmodern-math.otf(2)/m/n' will be
(Font)              scaled to size 7.00064pt on input line 3.
LaTeX Font Info:    Font shape `TU/latinmodern-math.otf(2)/m/n' will be
(Font)              scaled to size 5.00046pt on input line 3.
LaTeX Font Info:    Font shape `TU/latinmodern-math.otf(3)/m/n' will be
(Font)              scaled to size 9.99893pt on input line 3.
LaTeX Font Info:    Font shape `TU/latinmodern-math.otf(3)/m/n' will be
(Font)              scaled to size 6.99925pt on input line 3.
LaTeX Font Info:    Font shape `TU/latinmodern-math.otf(3)/m/n' will be
(Font)              scaled to size 4.99947pt on input line 3.
[3] [4] [5])
\tf@toc=\write5
\openout5 = `ElementsNonparStat.toc'.

[6] [7

] [8

]
Chapter 1.
[9] [10]
File: 01-IntroductionLatex_files/figure-latex/unnamed-chunk-1-1.pdf Graphic fil
e (type pdf)
<use 01-IntroductionLatex_files/figure-latex/unnamed-chunk-1-1.pdf>

Overfull \hbox (54.74066pt too wide) has occurred while \output is active
\TU/lmr/m/sl/10 1.3.  EXAMPLE 1: NONPARAMETRIC VS. PARAMETRIC TWO-SAMPLE TESTIN
G \TU/lmr/m/n/10 11
 []

[11] [12] [13]
File: 01-IntroductionLatex_files/figure-latex/unnamed-chunk-2-1.pdf Graphic fil
e (type pdf)
<use 01-IntroductionLatex_files/figure-latex/unnamed-chunk-2-1.pdf>
File: 01-IntroductionLatex_files/figure-latex/unnamed-chunk-2-2.pdf Graphic fil
e (type pdf)
<use 01-IntroductionLatex_files/figure-latex/unnamed-chunk-2-2.pdf>

Underfull \hbox (badness 10000) in paragraph at lines 428--429
[][]
 []

[14] [15]
Overfull \hbox (72.83577pt too wide) in alignment at lines 534--538
 [][][] []
 []

[16]
File: 01-IntroductionLatex_files/figure-latex/unnamed-chunk-3-1.pdf Graphic fil
e (type pdf)
<use 01-IntroductionLatex_files/figure-latex/unnamed-chunk-3-1.pdf>
[17]
File: 01-IntroductionLatex_files/figure-latex/unnamed-chunk-4-1.pdf Graphic fil
e (type pdf)
<use 01-IntroductionLatex_files/figure-latex/unnamed-chunk-4-1.pdf>
[18]
File: 01-IntroductionLatex_files/figure-latex/unnamed-chunk-5-1.pdf Graphic fil
e (type pdf)
<use 01-IntroductionLatex_files/figure-latex/unnamed-chunk-5-1.pdf>

Underfull \vbox (badness 1043) has occurred while \output is active []


Overfull \hbox (55.35844pt too wide) has occurred while \output is active
\TU/lmr/m/sl/10 1.6.  EXAMPLE 4: NONPARAMETRIC REGRESSION WITH A SINGLE COVARIA
TE \TU/lmr/m/n/10 19
 []

[19]
File: 01-IntroductionLatex_files/figure-latex/unnamed-chunk-6-1.pdf Graphic fil
e (type pdf)
<use 01-IntroductionLatex_files/figure-latex/unnamed-chunk-6-1.pdf>

Underfull \vbox (badness 5924) has occurred while \output is active []

[20]
File: 01-IntroductionLatex_files/figure-latex/unnamed-chunk-7-1.pdf Graphic fil
e (type pdf)
<use 01-IntroductionLatex_files/figure-latex/unnamed-chunk-7-1.pdf>

Overfull \hbox (5.14952pt too wide) has occurred while \output is active
\TU/lmr/m/sl/10 1.7.  EXAMPLE 5: CLASSIFICATION AND REGRESSION TREES (CART) \TU
/lmr/m/n/10 21
 []

[21] [22]
Chapter 2.
[23

] [24

] [25] [26]
Chapter 3.
LaTeX Font Info:    Font shape `TU/lmtt/bx/n' in size <10> not available
(Font)              Font shape `TU/lmtt/b/n' tried instead on input line 742.
[27

] [28]
Overfull \hbox (1.17232pt too wide) has occurred while \output is active
\TU/lmr/m/sl/10 3.2.  THE WILCOXON RANK SUM (WRS) TEST: A TWO-SAMPLE TEST \TU/l
mr/m/n/10 29
 []

[29]
Overfull \hbox (15.025pt too wide) in alignment at lines 892--896
 [][][] []
 []

[30]
Overfull \hbox (98.97809pt too wide) in alignment at lines 1006--1012
 [][][] []
 []


Overfull \hbox (1.17232pt too wide) has occurred while \output is active
\TU/lmr/m/sl/10 3.2.  THE WILCOXON RANK SUM (WRS) TEST: A TWO-SAMPLE TEST \TU/l
mr/m/n/10 31
 []

[31] [32]

Package amsmath Warning: Foreign command \atopwithdelims;
(amsmath)                \frac or \genfrac should be used instead
(amsmath)                 on input line 1109.


Overfull \hbox (1.17232pt too wide) has occurred while \output is active
\TU/lmr/m/sl/10 3.2.  THE WILCOXON RANK SUM (WRS) TEST: A TWO-SAMPLE TEST \TU/l
mr/m/n/10 33
 []

[33]
Overfull \hbox (55.02919pt too wide) in alignment at lines 1148--1154
 [][][] []
 []

[34]
Overfull \hbox (85.5pt too wide) in paragraph at lines 1223--1223
[]\TU/lmtt/m/n/10 ##   Type Alcohol Malic  Ash Alcalinity Magnesium Phenols Fla
vanoids Nonflavanoids[] 
 []


Overfull \hbox (85.5pt too wide) in paragraph at lines 1223--1223
[]\TU/lmtt/m/n/10 ## 1    1   14.23  1.71 2.43       15.6       127    2.80    
   3.06          0.28[] 
 []


Overfull \hbox (85.5pt too wide) in paragraph at lines 1223--1223
[]\TU/lmtt/m/n/10 ## 2    1   13.20  1.78 2.14       11.2       100    2.65    
   2.76          0.26[] 
 []


Overfull \hbox (85.5pt too wide) in paragraph at lines 1223--1223
[]\TU/lmtt/m/n/10 ## 3    1   13.16  2.36 2.67       18.6       101    2.80    
   3.24          0.30[] 
 []


Overfull \hbox (85.5pt too wide) in paragraph at lines 1223--1223
[]\TU/lmtt/m/n/10 ## 4    1   14.37  1.95 2.50       16.8       113    3.85    
   3.49          0.24[] 
 []


Overfull \hbox (85.5pt too wide) in paragraph at lines 1223--1223
[]\TU/lmtt/m/n/10 ## 5    1   13.24  2.59 2.87       21.0       118    2.80    
   2.69          0.39[] 
 []


Overfull \hbox (85.5pt too wide) in paragraph at lines 1223--1223
[]\TU/lmtt/m/n/10 ## 6    1   14.20  1.76 2.45       15.2       112    3.27    
   3.39          0.34[] 
 []


Overfull \hbox (1.17232pt too wide) has occurred while \output is active
\TU/lmr/m/sl/10 3.2.  THE WILCOXON RANK SUM (WRS) TEST: A TWO-SAMPLE TEST \TU/l
mr/m/n/10 35
 []

[35]
File: 03-rankstatLatex_files/figure-latex/unnamed-chunk-7-1.pdf Graphic file (t
ype pdf)
<use 03-rankstatLatex_files/figure-latex/unnamed-chunk-7-1.pdf>
File: 03-rankstatLatex_files/figure-latex/unnamed-chunk-7-2.pdf Graphic file (t
ype pdf)
<use 03-rankstatLatex_files/figure-latex/unnamed-chunk-7-2.pdf>

Overfull \hbox (62.46262pt too wide) in paragraph at lines 1240--1243
\TU/lmr/m/n/10 types of wine. []
 []

[36]
Overfull \hbox (69.75pt too wide) in paragraph at lines 1262--1262
[]\TU/lmtt/m/n/10 ## data:  wine2$Magnesium[wine2$Type == 1] and wine2$Magnesiu
m[wine2$Type == 2][] 
 []


Overfull \hbox (1.17232pt too wide) has occurred while \output is active
\TU/lmr/m/sl/10 3.2.  THE WILCOXON RANK SUM (WRS) TEST: A TWO-SAMPLE TEST \TU/l
mr/m/n/10 37
 []

[37] [38]
Overfull \hbox (1.17232pt too wide) has occurred while \output is active
\TU/lmr/m/sl/10 3.2.  THE WILCOXON RANK SUM (WRS) TEST: A TWO-SAMPLE TEST \TU/l
mr/m/n/10 39
 []

[39] [40] [41] [42]
Underfull \hbox (badness 3078) in paragraph at lines 1725--1728
[]\TU/lmr/m/n/10 Here, $[][][][][][][]$ is the rank of the $[][]$ element from 
the vector
 []

[43] [44]
File: 03-rankstatLatex_files/figure-latex/unnamed-chunk-18-1.pdf Graphic file (
type pdf)
<use 03-rankstatLatex_files/figure-latex/unnamed-chunk-18-1.pdf>
[45]
Overfull \hbox (80.25pt too wide) in paragraph at lines 1866--1866
[]\TU/lmtt/m/n/10 ## Warning in wilcox.test.default(x = DD): cannot compute exa
ct p-value with ties[] 
 []

[46] [47]
Overfull \hbox (27.60974pt too wide) in alignment at lines 1985--1992
 [][][] []
 []

File: 03-rankstatLatex_files/figure-latex/unnamed-chunk-22-1.pdf Graphic file (
type pdf)
<use 03-rankstatLatex_files/figure-latex/unnamed-chunk-22-1.pdf>
File: 03-rankstatLatex_files/figure-latex/unnamed-chunk-22-2.pdf Graphic file (
type pdf)
<use 03-rankstatLatex_files/figure-latex/unnamed-chunk-22-2.pdf>

Underfull \hbox (badness 10000) in paragraph at lines 2004--2005
[][]
 []


Underfull \vbox (badness 10000) has occurred while \output is active []

[48]
Underfull \vbox (badness 10000) has occurred while \output is active []

[49] [50] [51] [52] [53] [54] [55] [56] [57] [58] [59] [60]
Overfull \hbox (8.46107pt too wide) detected at line 2680
[][][][][][][][][][] [] [] [][][][][][] [] [][][][][][][][][] [] [] [][][][][][
] [] [] [] [][][][][][]
 []

[61] [62]
Chapter 4.

Overfull \hbox (18.78001pt too wide) in alignment at lines 2784--2789
 [][][] []
 []

[63

] [64] [65] [66] [67]
File: 04-multistatLatex_files/figure-latex/unnamed-chunk-2-1.pdf Graphic file (
type pdf)
<use 04-multistatLatex_files/figure-latex/unnamed-chunk-2-1.pdf>
[68]
Overfull \hbox (6.75pt too wide) in paragraph at lines 3116--3116
[]\TU/lmtt/m/n/10 ## Kruskal-Wallis chi-squared = 54.691, df = 5, p-value = 1.5
11e-10[] 
 []

[69]
File: 04-multistatLatex_files/figure-latex/unnamed-chunk-7-1.pdf Graphic file (
type pdf)
<use 04-multistatLatex_files/figure-latex/unnamed-chunk-7-1.pdf>
[70]
File: 04-multistatLatex_files/figure-latex/unnamed-chunk-10-1.pdf Graphic file 
(type pdf)
<use 04-multistatLatex_files/figure-latex/unnamed-chunk-10-1.pdf>

Underfull \vbox (badness 10000) has occurred while \output is active []

[71] [72]
Chapter 5.
[73

]
Underfull \hbox (badness 3323) in paragraph at lines 3343--3343
[]\TU/lmr/bx/n/14.4 Permutation Tests for the Two-Sample
 []


Overfull \hbox (5.30013pt too wide) in paragraph at lines 3388--3406
 [][] 
 []

[74]
File: 05-permutationLatex_files/figure-latex/unnamed-chunk-1-1.pdf Graphic file
 (type pdf)
<use 05-permutationLatex_files/figure-latex/unnamed-chunk-1-1.pdf>

Underfull \vbox (badness 1496) has occurred while \output is active []

[75] [76]
File: 05-permutationLatex_files/figure-latex/unnamed-chunk-3-1.pdf Graphic file
 (type pdf)
<use 05-permutationLatex_files/figure-latex/unnamed-chunk-3-1.pdf>

Underfull \vbox (badness 1087) has occurred while \output is active []

[77] [78]
File: 05-permutationLatex_files/figure-latex/unnamed-chunk-6-1.pdf Graphic file
 (type pdf)
<use 05-permutationLatex_files/figure-latex/unnamed-chunk-6-1.pdf>
[79]
Overfull \hbox (4.49527pt too wide) in alignment at lines 3653--3658
 [][][] []
 []

[80]
Overfull \hbox (4.78404pt too wide) in alignment at lines 3719--3722
 [][][] []
 []


Overfull \hbox (161.47011pt too wide) in paragraph at lines 3727--3757
 [][] 
 []

File: 05-permutationLatex_files/figure-latex/unnamed-chunk-8-1.pdf Graphic file
 (type pdf)
<use 05-permutationLatex_files/figure-latex/unnamed-chunk-8-1.pdf>
[81]
Underfull \vbox (badness 10000) has occurred while \output is active []

[82] [83]
File: 05-permutationLatex_files/figure-latex/unnamed-chunk-9-1.pdf Graphic file
 (type pdf)
<use 05-permutationLatex_files/figure-latex/unnamed-chunk-9-1.pdf>
File: 05-permutationLatex_files/figure-latex/unnamed-chunk-10-1.pdf Graphic fil
e (type pdf)
<use 05-permutationLatex_files/figure-latex/unnamed-chunk-10-1.pdf>
[84]
Overfull \hbox (166.73904pt too wide) has occurred while \output is active
\TU/lmr/m/sl/10 5.5.  A PERMUTATION TEST FOR VARIABLE IMPORTANCE IN REGRESSION 
AND MACHINE LEARNING \TU/lmr/m/n/10 85
 []

[85]
File: 05-permutationLatex_files/figure-latex/unnamed-chunk-13-1.pdf Graphic fil
e (type pdf)
<use 05-permutationLatex_files/figure-latex/unnamed-chunk-13-1.pdf>
[86]
Overfull \hbox (166.73904pt too wide) has occurred while \output is active
\TU/lmr/m/sl/10 5.5.  A PERMUTATION TEST FOR VARIABLE IMPORTANCE IN REGRESSION 
AND MACHINE LEARNING \TU/lmr/m/n/10 87
 []

[87] [88] [89] [90

] [91] [92]
Chapter 6.
[93

]
Overfull \hbox (14.83836pt too wide) in alignment at lines 4162--4169
 [][][] []
 []

[94] [95] [96]
Overfull \hbox (16.26584pt too wide) in alignment at lines 4309--4316
 [][][] []
 []

[97]
Overfull \hbox (12.15059pt too wide) in alignment at lines 4393--4402
 [][][] []
 []

[98]
Overfull \hbox (30.78171pt too wide) in paragraph at lines 4407--4410
[]\TU/lmr/m/n/10 In [], we are defining $[]$ as the pooled-data vector $[] [] [
][][][] [] [] [][][] [][][] [] [] [][][]$. 
 []

[99] [100] [101] [102]
File: 06-ustatisticsLatex_files/figure-latex/unnamed-chunk-3-1.pdf Graphic file
 (type pdf)
<use 06-ustatisticsLatex_files/figure-latex/unnamed-chunk-3-1.pdf>
[103] [104]
Overfull \hbox (111.59056pt too wide) in alignment at lines 4733--4737
 [][][] []
 []

[105] [106]
File: 06-ustatisticsLatex_files/figure-latex/unnamed-chunk-5-1.pdf Graphic file
 (type pdf)
<use 06-ustatisticsLatex_files/figure-latex/unnamed-chunk-5-1.pdf>
[107]
Underfull \hbox (badness 1845) in paragraph at lines 4918--4920
[]\TU/lmr/bx/n/10 Exercise 6.2\TU/lmr/m/n/10 . For the example where we have ob
served pairs
 []

[108]
Chapter 7.
[109

]
File: 07-empiricalcdfLatex_files/figure-latex/unnamed-chunk-1-1.pdf Graphic fil
e (type pdf)
<use 07-empiricalcdfLatex_files/figure-latex/unnamed-chunk-1-1.pdf>
[110] [111]
Overfull \hbox (28.95848pt too wide) in alignment at lines 5088--5093
 [][][] []
 []

[112]
File: 07-empiricalcdfLatex_files/figure-latex/unnamed-chunk-4-1.pdf Graphic fil
e (type pdf)
<use 07-empiricalcdfLatex_files/figure-latex/unnamed-chunk-4-1.pdf>

Underfull \vbox (badness 2828) has occurred while \output is active []

[113]
File: 07-empiricalcdfLatex_files/figure-latex/unnamed-chunk-5-1.pdf Graphic fil
e (type pdf)
<use 07-empiricalcdfLatex_files/figure-latex/unnamed-chunk-5-1.pdf>

Underfull \vbox (badness 10000) has occurred while \output is active []

[114] [115]
File: 07-empiricalcdfLatex_files/figure-latex/unnamed-chunk-7-1.pdf Graphic fil
e (type pdf)
<use 07-empiricalcdfLatex_files/figure-latex/unnamed-chunk-7-1.pdf>
[116]
File: 07-empiricalcdfLatex_files/figure-latex/unnamed-chunk-8-1.pdf Graphic fil
e (type pdf)
<use 07-empiricalcdfLatex_files/figure-latex/unnamed-chunk-8-1.pdf>
File: 07-empiricalcdfLatex_files/figure-latex/unnamed-chunk-9-1.pdf Graphic fil
e (type pdf)
<use 07-empiricalcdfLatex_files/figure-latex/unnamed-chunk-9-1.pdf>

Underfull \vbox (badness 10000) has occurred while \output is active []

[117] [118] [119] [120]
Overfull \hbox (79.20341pt too wide) has occurred while \output is active
\TU/lmr/m/sl/10 7.5.  THE EMPIRICAL DISTRIBUTION FUNCTION AND STATISTICAL FUNCT
IONALS \TU/lmr/m/n/10 121
 []

[121] [122]
Chapter 8.
File: 08-densityestimationLatex_files/figure-latex/unnamed-chunk-1-1.pdf Graphi
c file (type pdf)
<use 08-densityestimationLatex_files/figure-latex/unnamed-chunk-1-1.pdf>

Underfull \vbox (badness 1132) has occurred while \output is active []

[123

] [124] [125] [126]
File: 08-densityestimationLatex_files/figure-latex/unnamed-chunk-4-1.pdf Graphi
c file (type pdf)
<use 08-densityestimationLatex_files/figure-latex/unnamed-chunk-4-1.pdf>
File: 08-densityestimationLatex_files/figure-latex/unnamed-chunk-5-1.pdf Graphi
c file (type pdf)
<use 08-densityestimationLatex_files/figure-latex/unnamed-chunk-5-1.pdf>

Underfull \vbox (badness 10000) has occurred while \output is active []

[127]
Overfull \hbox (33.0pt too wide) in paragraph at lines 5793--5793
[]\TU/lmtt/m/n/10 ## [1] "breaks"   "counts"   "density"  "mids"     "xname"   
 "equidist"[] 
 []

[128]
Overfull \hbox (64.5pt too wide) in paragraph at lines 5878--5878
[]\TU/lmtt/m/n/10 ## [1] 0.002547771 0.047133758 0.022292994 0.007006369 0.0082
80255 0.007643312[] 
 []


Overfull \hbox (64.5pt too wide) in paragraph at lines 5889--5889
[]\TU/lmtt/m/n/10 ## [1] 0.002547771 0.047133758 0.022292994 0.007006369 0.0082
80255 0.007643312[] 
 []


Overfull \hbox (10.88043pt too wide) in alignment at lines 5908--5915
 [][][] []
 []

[129] [130]
Overfull \hbox (62.59187pt too wide) in alignment at lines 6000--6009
 [][][] []
 []


Underfull \vbox (badness 1577) has occurred while \output is active []

[131]
Overfull \hbox (43.40286pt too wide) in alignment at lines 6030--6035
 [][][] []
 []

[132] [133]
File: 08-densityestimationLatex_files/figure-latex/unnamed-chunk-9-1.pdf Graphi
c file (type pdf)
<use 08-densityestimationLatex_files/figure-latex/unnamed-chunk-9-1.pdf>
[134]
Underfull \vbox (badness 10000) has occurred while \output is active []

[135]
Overfull \hbox (16.28044pt too wide) in alignment at lines 6173--6176
 [][][] []
 []


Underfull \hbox (badness 10000) in paragraph at lines 6183--6184

 []

File: 08-densityestimationLatex_files/figure-latex/unnamed-chunk-10-1.pdf Graph
ic file (type pdf)
<use 08-densityestimationLatex_files/figure-latex/unnamed-chunk-10-1.pdf>

Underfull \vbox (badness 7030) has occurred while \output is active []

[136]
File: 08-densityestimationLatex_files/figure-latex/unnamed-chunk-11-1.pdf Graph
ic file (type pdf)
<use 08-densityestimationLatex_files/figure-latex/unnamed-chunk-11-1.pdf>

Underfull \vbox (badness 10000) has occurred while \output is active []

[137] [138]
File: 08-densityestimationLatex_files/figure-latex/unnamed-chunk-12-1.pdf Graph
ic file (type pdf)
<use 08-densityestimationLatex_files/figure-latex/unnamed-chunk-12-1.pdf>
File: 08-densityestimationLatex_files/figure-latex/unnamed-chunk-13-1.pdf Graph
ic file (type pdf)
<use 08-densityestimationLatex_files/figure-latex/unnamed-chunk-13-1.pdf>
[139] [140]
File: 08-densityestimationLatex_files/figure-latex/unnamed-chunk-14-1.pdf Graph
ic file (type pdf)
<use 08-densityestimationLatex_files/figure-latex/unnamed-chunk-14-1.pdf>
[141] [142]
Overfull \hbox (13.37704pt too wide) in alignment at lines 6420--6426
 [][][] []
 []

[143] [144] [145] [146]
Overfull \hbox (0.97182pt too wide) in paragraph at lines 6649--6650
[]\TU/lmr/m/n/10 Then, we are going use the following quantity to estimate $[] 
[][][][][][][][][][][][][]$ 
 []


Underfull \hbox (badness 1048) in paragraph at lines 6655--6658
[]\TU/lmr/m/n/10 The term $[] [][] [][][][][]$ is referred to as a leave-one-ou
t cross-
 []

[147] [148]
File: 08-densityestimationLatex_files/figure-latex/unnamed-chunk-17-1.pdf Graph
ic file (type pdf)
<use 08-densityestimationLatex_files/figure-latex/unnamed-chunk-17-1.pdf>
[149]
Underfull \hbox (badness 2065) in paragraph at lines 6796--6799
[]\TU/lmr/m/n/10 We only need to get an estimate of $[] [][][][][][][][][][][][
][]$ because
 []

[150] [151]
File: 08-densityestimationLatex_files/figure-latex/unnamed-chunk-23-1.pdf Graph
ic file (type pdf)
<use 08-densityestimationLatex_files/figure-latex/unnamed-chunk-23-1.pdf>
File: 08-densityestimationLatex_files/figure-latex/unnamed-chunk-24-1.pdf Graph
ic file (type pdf)
<use 08-densityestimationLatex_files/figure-latex/unnamed-chunk-24-1.pdf>

Underfull \vbox (badness 10000) has occurred while \output is active []

[152] [153]
Underfull \hbox (badness 1038) in paragraph at lines 7064--7068
[]\TU/lmr/bx/n/10 Exercise 8.3\TU/lmr/m/n/10 . Suppose we have observations $[]
[][][] [][][] [][][] [][][] []
 []

[154] [155] [156

] [157] [158]
Chapter 9.
[159

]
File: 09-bootstrapLatex_files/figure-latex/unnamed-chunk-1-1.pdf Graphic file (
type pdf)
<use 09-bootstrapLatex_files/figure-latex/unnamed-chunk-1-1.pdf>
[160] [161] [162] [163]
Overfull \hbox (67.14703pt too wide) in alignment at lines 7374--7377
 [][][] []
 []

[164] [165]
File: 09-bootstrapLatex_files/figure-latex/unnamed-chunk-8-1.pdf Graphic file (
type pdf)
<use 09-bootstrapLatex_files/figure-latex/unnamed-chunk-8-1.pdf>
[166]
Overfull \hbox (9.38481pt too wide) detected at line 7577
[][][][][][][] [] [] [][][]
 []

[167] [168]
Underfull \hbox (badness 1371) in paragraph at lines 7678--7680
[]\TU/lmr/m/n/10 Because this is a two-sample setting, we draw bootstrap sample
s
 []

File: 09-bootstrapLatex_files/figure-latex/unnamed-chunk-17-1.pdf Graphic file 
(type pdf)
<use 09-bootstrapLatex_files/figure-latex/unnamed-chunk-17-1.pdf>
[169] [170] [171] [172] [173] [174] [175]
Overfull \hbox (6.48099pt too wide) in alignment at lines 8096--8100
 [][][] []
 []

[176] [177] [178]
File: 09-bootstrapLatex_files/figure-latex/unnamed-chunk-22-1.pdf Graphic file 
(type pdf)
<use 09-bootstrapLatex_files/figure-latex/unnamed-chunk-22-1.pdf>
[179] [180] [181] [182

]
Chapter 10.
[183]
File: 10-confidence-intervals-Latex_files/figure-latex/unnamed-chunk-2-1.pdf Gr
aphic file (type pdf)
<use 10-confidence-intervals-Latex_files/figure-latex/unnamed-chunk-2-1.pdf>
[184]
File: 10-confidence-intervals-Latex_files/figure-latex/unnamed-chunk-4-1.pdf Gr
aphic file (type pdf)
<use 10-confidence-intervals-Latex_files/figure-latex/unnamed-chunk-4-1.pdf>

Underfull \vbox (badness 2884) has occurred while \output is active []

[185] [186] [187] [188]
File: 10-confidence-intervals-Latex_files/figure-latex/unnamed-chunk-11-1.pdf G
raphic file (type pdf)
<use 10-confidence-intervals-Latex_files/figure-latex/unnamed-chunk-11-1.pdf>
[189] [190] [191] [192] [193]
Underfull \hbox (badness 7963) in paragraph at lines 9019--9022
[]\TU/lmr/m/n/10 For the nonparametric bootstrap, you would subsample pairs
 []


Underfull \hbox (badness 1117) in paragraph at lines 9019--9022
[][][][] [][][][] [] [] [][][][] [][][]$ \TU/lmr/m/n/10 as described before, an
d compute your regres-
 []

[194]
Overfull \hbox (12.161pt too wide) in paragraph at lines 9050--9052
[]\TU/lmr/m/n/10 This suggests that a standard error estimate for $[][][][]$ is
 $[]$
 []


Overfull \hbox (24.64343pt too wide) has occurred while \output is active
\TU/lmr/m/sl/10 10.3.  POINTWISE CONFIDENCE INTERVALS FOR A DENSITY FUNCTION \T
U/lmr/m/n/10 195
 []

[195]
File: 10-confidence-intervals-Latex_files/figure-latex/unnamed-chunk-21-1.pdf G
raphic file (type pdf)
<use 10-confidence-intervals-Latex_files/figure-latex/unnamed-chunk-21-1.pdf>
[196] [197] [198]
File: 10-confidence-intervals-Latex_files/figure-latex/unnamed-chunk-24-1.pdf G
raphic file (type pdf)
<use 10-confidence-intervals-Latex_files/figure-latex/unnamed-chunk-24-1.pdf>
[199] [200] [201

] [202]
Chapter 11.
[203

] [204]
File: 11-kernel-regression-Latex_files/figure-latex/unnamed-chunk-1-1.pdf Graph
ic file (type pdf)
<use 11-kernel-regression-Latex_files/figure-latex/unnamed-chunk-1-1.pdf>
File: 11-kernel-regression-Latex_files/figure-latex/unnamed-chunk-2-1.pdf Graph
ic file (type pdf)
<use 11-kernel-regression-Latex_files/figure-latex/unnamed-chunk-2-1.pdf>

Underfull \vbox (badness 7379) has occurred while \output is active []

[205] [206] [207] [208]
File: 11-kernel-regression-Latex_files/figure-latex/unnamed-chunk-3-1.pdf Graph
ic file (type pdf)
<use 11-kernel-regression-Latex_files/figure-latex/unnamed-chunk-3-1.pdf>

Underfull \vbox (badness 10000) has occurred while \output is active []

[209] [210]
File: 11-kernel-regression-Latex_files/figure-latex/unnamed-chunk-5-1.pdf Graph
ic file (type pdf)
<use 11-kernel-regression-Latex_files/figure-latex/unnamed-chunk-5-1.pdf>
File: 11-kernel-regression-Latex_files/figure-latex/unnamed-chunk-6-1.pdf Graph
ic file (type pdf)
<use 11-kernel-regression-Latex_files/figure-latex/unnamed-chunk-6-1.pdf>

Underfull \vbox (badness 10000) has occurred while \output is active []

[211] [212] [213] [214] [215]
File: 11-kernel-regression-Latex_files/figure-latex/unnamed-chunk-9-1.pdf Graph
ic file (type pdf)
<use 11-kernel-regression-Latex_files/figure-latex/unnamed-chunk-9-1.pdf>
[216] [217]
Overfull \hbox (2.70561pt too wide) detected at line 9971
[][][][][][][][] [] [][][][] [] [][][][][] [][][][] [] [][][][][][][] [] [] [][
][][] [] [][][][][][][][]
 []

[218]
File: 11-kernel-regression-Latex_files/figure-latex/unnamed-chunk-11-1.pdf Grap
hic file (type pdf)
<use 11-kernel-regression-Latex_files/figure-latex/unnamed-chunk-11-1.pdf>
File: 11-kernel-regression-Latex_files/figure-latex/unnamed-chunk-12-1.pdf Grap
hic file (type pdf)
<use 11-kernel-regression-Latex_files/figure-latex/unnamed-chunk-12-1.pdf>

Overfull \hbox (29.50261pt too wide) in paragraph at lines 10038--10040
\TU/lmr/m/n/10 earlier [] 
 []


Underfull \vbox (badness 10000) has occurred while \output is active []

[219] [220] [221]
Overfull \hbox (56.49643pt too wide) detected at line 10150
[][][] [] []
 []


Overfull \hbox (4.47096pt too wide) detected at line 10174
[][][] [] []
 []

[222]
Missing character: There is no  in font [lmroman10-bold]:mapping=tex-text;!
Missing character: There is no  in font [lmroman10-bold]:mapping=tex-text;!
Missing character: There is no  in font [lmroman10-bold]:mapping=tex-text;!
Missing character: There is no  in font [lmroman10-bold]:mapping=tex-text;!
Missing character: There is no  in font [lmroman10-bold]:mapping=tex-text;!

Overfull \hbox (26.18108pt too wide) detected at line 10238
[][][][][] [] [][][][][] [] [][] [] [][][][]  [][][][] [] [][][][][] [] [][][][
] [] [][][][][] [] [][][][]
 []

[223] [224] [225] [226] [227]
Underfull \hbox (badness 2245) in paragraph at lines 10496--10497
[]\TU/lmr/m/n/10 We also want a function that returns the vector with elements
 []

[228]
File: 11-kernel-regression-Latex_files/figure-latex/unnamed-chunk-17-1.pdf Grap
hic file (type pdf)
<use 11-kernel-regression-Latex_files/figure-latex/unnamed-chunk-17-1.pdf>
[229]
File: 11-kernel-regression-Latex_files/figure-latex/unnamed-chunk-20-1.pdf Grap
hic file (type pdf)
<use 11-kernel-regression-Latex_files/figure-latex/unnamed-chunk-20-1.pdf>

Underfull \vbox (badness 2460) has occurred while \output is active []

[230]
File: 11-kernel-regression-Latex_files/figure-latex/unnamed-chunk-22-1.pdf Grap
hic file (type pdf)
<use 11-kernel-regression-Latex_files/figure-latex/unnamed-chunk-22-1.pdf>

Underfull \vbox (badness 10000) has occurred while \output is active []

[231] [232] [233]
File: 11-kernel-regression-Latex_files/figure-latex/unnamed-chunk-24-1.pdf Grap
hic file (type pdf)
<use 11-kernel-regression-Latex_files/figure-latex/unnamed-chunk-24-1.pdf>
[234]
File: 11-kernel-regression-Latex_files/figure-latex/unnamed-chunk-27-1.pdf Grap
hic file (type pdf)
<use 11-kernel-regression-Latex_files/figure-latex/unnamed-chunk-27-1.pdf>

Underfull \vbox (badness 10000) has occurred while \output is active []

[235] [236]
Overfull \hbox (25.44374pt too wide) detected at line 10868
[][][][][] [] [] [] [] [] [][] [] [] [] [] [] [] [][][][] [] [][][][][]
 []

[237] [238] [239] [240

]
Chapter 12.
[241]
File: 12-splines-Latex_files/figure-latex/unnamed-chunk-2-1.pdf Graphic file (t
ype pdf)
<use 12-splines-Latex_files/figure-latex/unnamed-chunk-2-1.pdf>
[242]
File: 12-splines-Latex_files/figure-latex/pwlinear-1.pdf Graphic file (type pdf
)
<use 12-splines-Latex_files/figure-latex/pwlinear-1.pdf>
[243]
File: 12-splines-Latex_files/figure-latex/pwcubic-1.pdf Graphic file (type pdf)

<use 12-splines-Latex_files/figure-latex/pwcubic-1.pdf>
[244]
Overfull \hbox (49.52344pt too wide) has occurred while \output is active
\TU/lmr/m/sl/10 12.2.  PIECEWISE LINEAR ESTIMATES WITH CONTINUITY (LINEAR SPLIN
ES) \TU/lmr/m/n/10 245
 []

[245]
Overfull \hbox (40.1499pt too wide) detected at line 11211
[][][][][] [] []
 []

[246]
File: 12-splines-Latex_files/figure-latex/unnamed-chunk-3-1.pdf Graphic file (t
ype pdf)
<use 12-splines-Latex_files/figure-latex/unnamed-chunk-3-1.pdf>
[247]
Overfull \hbox (80.61823pt too wide) in paragraph at lines 11326--11328
[]$[][][][]$ \TU/lmr/m/n/10 is a cubic function over each of the intervals $[][
][][] [][][][] [][][][] [][][][] [] [] [][][][] [][][][] [][][][] [][]$. 
 []

[248] [249] [250] [251]
File: 12-splines-Latex_files/figure-latex/unnamed-chunk-10-1.pdf Graphic file (
type pdf)
<use 12-splines-Latex_files/figure-latex/unnamed-chunk-10-1.pdf>
[252]
File: 12-splines-Latex_files/figure-latex/unnamed-chunk-13-1.pdf Graphic file (
type pdf)
<use 12-splines-Latex_files/figure-latex/unnamed-chunk-13-1.pdf>

Underfull \vbox (badness 3428) has occurred while \output is active []

[253] [254]
File: 12-splines-Latex_files/figure-latex/unnamed-chunk-14-1.pdf Graphic file (
type pdf)
<use 12-splines-Latex_files/figure-latex/unnamed-chunk-14-1.pdf>
[255]
LaTeX Font Info:    Font shape `TU/latinmodern-math.otf(1)/b/n' will be
(Font)              scaled to size 10.0pt on input line 11727.
LaTeX Font Info:    Font shape `TU/latinmodern-math.otf(1)/b/n' will be
(Font)              scaled to size 7.0pt on input line 11727.
LaTeX Font Info:    Font shape `TU/latinmodern-math.otf(1)/b/n' will be
(Font)              scaled to size 5.0pt on input line 11727.
LaTeX Font Info:    Font shape `TU/latinmodern-math.otf(2)/b/n' will be
(Font)              scaled to size 10.00092pt on input line 11727.
LaTeX Font Info:    Font shape `TU/latinmodern-math.otf(2)/b/n' will be
(Font)              scaled to size 7.00064pt on input line 11727.
LaTeX Font Info:    Font shape `TU/latinmodern-math.otf(2)/b/n' will be
(Font)              scaled to size 5.00046pt on input line 11727.
LaTeX Font Info:    Font shape `TU/latinmodern-math.otf(3)/b/n' will be
(Font)              scaled to size 9.99893pt on input line 11727.
LaTeX Font Info:    Font shape `TU/latinmodern-math.otf(3)/b/n' will be
(Font)              scaled to size 6.99925pt on input line 11727.
LaTeX Font Info:    Font shape `TU/latinmodern-math.otf(3)/b/n' will be
(Font)              scaled to size 4.99947pt on input line 11727.
[256] [257] [258]
File: 12-splines-Latex_files/figure-latex/unnamed-chunk-16-1.pdf Graphic file (
type pdf)
<use 12-splines-Latex_files/figure-latex/unnamed-chunk-16-1.pdf>
[259] [260]
Overfull \hbox (17.25pt too wide) in paragraph at lines 11895--11895
[]\TU/lmtt/m/n/10 ## Smoothing Parameter  spar= 0.712  lambda= 0.000239 (15 ite
rations)[] 
 []


Overfull \hbox (90.75pt too wide) in paragraph at lines 11913--11913
[]\TU/lmtt/m/n/10 ## Warning in smooth.spline(x = bonedat$age, y = bonedat$spnb
md, cv = TRUE): cross-[] 
 []


Overfull \hbox (17.25pt too wide) in paragraph at lines 11929--11929
[]\TU/lmtt/m/n/10 ## Smoothing Parameter  spar= 0.694  lambda= 0.000177 (13 ite
rations)[] 
 []

[261]
File: 12-splines-Latex_files/figure-latex/unnamed-chunk-21-1.pdf Graphic file (
type pdf)
<use 12-splines-Latex_files/figure-latex/unnamed-chunk-21-1.pdf>

Underfull \vbox (badness 10000) has occurred while \output is active []

[262] [263]
File: 12-splines-Latex_files/figure-latex/unnamed-chunk-23-1.pdf Graphic file (
type pdf)
<use 12-splines-Latex_files/figure-latex/unnamed-chunk-23-1.pdf>
[264] [265

] [266]
Chapter 13.
[267

] [268]
File: 13-cart-Latex_files/figure-latex/fourbin-example-1.pdf Graphic file (type
 pdf)
<use 13-cart-Latex_files/figure-latex/fourbin-example-1.pdf>
[269]
File: 13-cart-Latex_files/figure-latex/wbss-example-1.pdf Graphic file (type pd
f)
<use 13-cart-Latex_files/figure-latex/wbss-example-1.pdf>
[270] [271]
File: 13-cart-Latex_files/figure-latex/twod-cart-example-1.pdf Graphic file (ty
pe pdf)
<use 13-cart-Latex_files/figure-latex/twod-cart-example-1.pdf>
File: 13-cart-Latex_files/figure-latex/bone-dectree-1.pdf Graphic file (type pd
f)
<use 13-cart-Latex_files/figure-latex/bone-dectree-1.pdf>
File: 13-cart-Latex_files/figure-latex/bone-fittedregfn-1.pdf Graphic file (typ
e pdf)
<use 13-cart-Latex_files/figure-latex/bone-fittedregfn-1.pdf>
(./ElementsNonparStat.bbl [272] [273] [274] [275] [276

] [277])
Package atveryend Info: Empty hook `BeforeClearDocument' on input line 12343.
[278]
Package atveryend Info: Empty hook `AfterLastShipout' on input line 12343.
(./ElementsNonparStat.aux)
Package atveryend Info: Empty hook `AtVeryEndDocument' on input line 12343.
Package atveryend Info: Executing hook `AtEndAfterFileList' on input line 12343
.
Package rerunfilecheck Info: File `ElementsNonparStat.out' has not changed.
(rerunfilecheck)             Checksum: 20D862ECE5CAC6440ED56857246B6491;18722.

LaTeX Warning: There were multiply-defined labels.

Package atveryend Info: Empty hook `AtVeryVeryEnd' on input line 12343.
 ) 
Here is how much of TeX's memory you used:
 17500 strings out of 481765
 337359 string characters out of 5935194
 776324 words of memory out of 5000000
 34212 multiletter control sequences out of 15000+600000
 540330 words of font info for 97 fonts, out of 8000000 for 9000
 14 hyphenation exceptions out of 8191
 52i,12n,115p,548b,553s stack positions out of 5000i,500n,10000p,200000b,80000s

Output written on ElementsNonparStat.pdf (278 pages).
